<?xml version="1.0" encoding="UTF-8"?>
<!-- Generated by org.testng.reporters.JUnitReportReporter -->
<testsuite hostname="Nandhu" failures="0" tests="4" name="com.experion.tests.LoginTests" time="23.590" errors="0" timestamp="2025-03-28T17:41:48 IST" skipped="0">
  <testcase classname="com.experion.tests.LoginTests" name="successfulLoginTest" time="2.891"/>
  <testcase classname="com.experion.tests.LoginTests" name="successfulLoginTest" time="12.824"/>
  <testcase classname="com.experion.tests.LoginTests" name="loginWithInvalidPassword" time="5.001"/>
  <testcase classname="com.experion.tests.LoginTests" name="successfulLoginTest" time="2.874"/>
</testsuite> <!-- com.experion.tests.LoginTests -->
