<?xml version="1.0" encoding="UTF-8"?>
<!-- Generated by org.testng.reporters.JUnitReportReporter -->
<testsuite hostname="Nandhu" failures="0" tests="6" name="com.experion.tests.AutomatedScenario" time="21.077" errors="0" timestamp="2025-03-28T17:41:48 IST" skipped="0">
  <testcase classname="com.experion.tests.AutomatedScenario" name="VerifyTheAscendingSortingByPrice" time="2.668"/>
  <testcase classname="com.experion.tests.AutomatedScenario" name="VerifyTheCheckOut" time="7.666"/>
  <testcase classname="com.experion.tests.AutomatedScenario" name="VerifyTheDefaultSortingByNameAscending" time="2.419"/>
  <testcase classname="com.experion.tests.AutomatedScenario" name="VerifyTheDescendingSortingByName" time="2.685"/>
  <testcase classname="com.experion.tests.AutomatedScenario" name="VerifyTheDescendingSortingByPrice" time="2.590"/>
  <testcase classname="com.experion.tests.AutomatedScenario" name="VerifyTheAddToCartFeature" time="3.049"/>
</testsuite> <!-- com.experion.tests.AutomatedScenario -->
