<?xml version="1.0" encoding="UTF-8"?>
<!-- Generated by org.testng.reporters.JUnitReportReporter -->
<testsuite hostname="Nandhu" failures="0" tests="6" name="com.experion.tests.AutomatedScenario" time="22.014" errors="0" timestamp="2025-03-28T21:20:29 IST" skipped="0">
  <testcase classname="com.experion.tests.AutomatedScenario" name="VerifyTheCheckOut" time="8.343"/>
  <testcase classname="com.experion.tests.AutomatedScenario" name="VerifyTheAddToCartFeature" time="3.144"/>
  <testcase classname="com.experion.tests.AutomatedScenario" name="VerifyTheDescendingSortingByName" time="2.689"/>
  <testcase classname="com.experion.tests.AutomatedScenario" name="VerifyTheDescendingSortingByPrice" time="2.875"/>
  <testcase classname="com.experion.tests.AutomatedScenario" name="VerifyTheAscendingSortingByPrice" time="2.578"/>
  <testcase classname="com.experion.tests.AutomatedScenario" name="VerifyTheDefaultSortingByNameAscending" time="2.385"/>
</testsuite> <!-- com.experion.tests.AutomatedScenario -->
