<?xml version="1.0" encoding="UTF-8"?>
<!-- Generated by org.testng.reporters.JUnitReportReporter -->
<testsuite hostname="Nandhu" failures="0" tests="4" name="com.experion.tests.LoginTests" time="25.987" errors="0" timestamp="2025-03-28T21:20:29 IST" skipped="0">
  <testcase classname="com.experion.tests.LoginTests" name="successfulLoginTest" time="6.510"/>
  <testcase classname="com.experion.tests.LoginTests" name="loginWithInvalidPassword" time="3.422"/>
  <testcase classname="com.experion.tests.LoginTests" name="successfulLoginTest" time="3.349"/>
  <testcase classname="com.experion.tests.LoginTests" name="successfulLoginTest" time="12.706"/>
</testsuite> <!-- com.experion.tests.LoginTests -->
